<?xml version="1.0" encoding="UTF-8"?>
<testsuites name="jest tests" tests="3" failures="1" errors="0" time="25.4">
  <testsuite name="Basic CRUD tests" errors="0" failures="1" skipped="2" timestamp="2022-02-24T00:31:24" time="24.666" tests="3">
    <testcase classname="Basic CRUD tests InsertPerformance" name="Basic CRUD tests InsertPerformance" time="0">
      <skipped/>
    </testcase>
    <testcase classname="Basic CRUD tests UpdatePerformance" name="Basic CRUD tests UpdatePerformance" time="0">
      <skipped/>
    </testcase>
    <testcase classname="Basic CRUD tests deletePerformance" name="Basic CRUD tests deletePerformance" time="23.17">
      <failure>Error: expect(received).toBeLessThan(expected)

Expected: 24
Received: 12072
    at Object.&lt;anonymous&gt; (/Users/guyharrison/git/provendb-cs-tests/tests/04performance.test.js:145:36)</failure>
    </testcase>
  </testsuite>
</testsuites>