<?xml version="1.0" encoding="UTF-8"?>
<testsuites name="jest tests" tests="1" failures="0" time="25.762">
  <testsuite name="Get Document Proof" errors="0" failures="0" skipped="0" timestamp="2022-02-09T00:18:36" time="24.961" tests="1">
    <testcase classname="Get Document Proof simple getDocumentProof" name="Get Document Proof simple getDocumentProof" time="24.239">
    </testcase>
  </testsuite>
</testsuites>