<?xml version="1.0" encoding="UTF-8"?>
<testsuites name="jest tests" tests="1" failures="0" time="63.459">
  <testsuite name="SubmitProof tests" errors="0" failures="0" skipped="0" timestamp="2022-01-13T23:36:35" time="62.444" tests="1">
    <testcase classname="SubmitProof tests simple SubmitProof" name="SubmitProof tests simple SubmitProof" time="61.224">
    </testcase>
  </testsuite>
</testsuites>