<?xml version="1.0" encoding="UTF-8"?>
<testsuites name="jest tests" tests="2" failures="0" errors="0" time="50.046">
  <testsuite name="SubmitProof tests" errors="0" failures="0" skipped="1" timestamp="2022-03-04T04:57:39" time="49.531" tests="2">
    <testcase classname="SubmitProof tests simple SubmitProof" name="SubmitProof tests simple SubmitProof" time="0">
      <skipped/>
    </testcase>
    <testcase classname="SubmitProof tests proof format is valid" name="SubmitProof tests proof format is valid" time="48.18">
    </testcase>
  </testsuite>
</testsuites>