<?xml version="1.0" encoding="UTF-8"?>
<testsuites name="jest tests" tests="2" failures="1" errors="0" time="77.676">
  <testsuite name="SubmitProof tests" errors="0" failures="1" skipped="0" timestamp="2022-03-24T22:46:18" time="76.795" tests="2">
    <testcase classname="SubmitProof tests simple SubmitProof" name="SubmitProof tests simple SubmitProof" time="75.226">
    </testcase>
    <testcase classname="SubmitProof tests proof format is valid" name="SubmitProof tests proof format is valid" time="0.019">
      <failure>ReferenceError: createAProof is not defined
    at Object.&lt;anonymous&gt; (/Users/guyharrison/git/provendb-cs-tests/tests/02submitProof.test.js:108:13)
    at Object.asyncJestTest (/Users/guyharrison/git/provendb-cs-tests/node_modules/jest-jasmine2/build/jasmine_async.js:108:37)
    at /Users/guyharrison/git/provendb-cs-tests/node_modules/jest-jasmine2/build/queue_runner.js:56:12
    at new Promise (&lt;anonymous&gt;)
    at mapper (/Users/guyharrison/git/provendb-cs-tests/node_modules/jest-jasmine2/build/queue_runner.js:43:19)
    at /Users/guyharrison/git/provendb-cs-tests/node_modules/jest-jasmine2/build/queue_runner.js:87:41</failure>
    </testcase>
  </testsuite>
</testsuites>