<?xml version="1.0" encoding="UTF-8"?>
<testsuites name="jest tests" tests="3" failures="1" errors="0" time="50.119">
  <testsuite name="Get Document Proof" errors="0" failures="1" skipped="2" timestamp="2022-03-09T00:05:52" time="49.386" tests="3">
    <testcase classname="Get Document Proof simple getDocumentProof" name="Get Document Proof simple getDocumentProof" time="0.001">
      <skipped/>
    </testcase>
    <testcase classname="Get Document Proof getDocumentProof multi-versions" name="Get Document Proof getDocumentProof multi-versions" time="0">
      <skipped/>
    </testcase>
    <testcase classname="Get Document Proof getDocumentProof chainpoint format" name="Get Document Proof getDocumentProof chainpoint format" time="48.256">
      <failure>Error: Chainpoint v3 schema validation error
    at Object.objectToBinarySync (/Users/guyharrison/git/provendb-cs-tests/node_modules/chainpoint-binary/index.js:60:36)
    at Object.&lt;anonymous&gt; (/Users/guyharrison/git/provendb-cs-tests/tests/03getDocumentProof.test.js:166:52)</failure>
    </testcase>
  </testsuite>
</testsuites>